Copyright 1986-2018 Xilinx, Inc. All Rights Reserved.
---------------------------------------------------------------------------------------------------------------
| Tool Version : Vivado v.2018.3 (win64) Build 2405991 Thu Dec  6 23:38:27 MST 2018
| Date         : Sun Jun 22 11:09:40 2025
| Host         : Hadi running 64-bit major release  (build 9200)
| Command      : report_utilization -file TopModule_utilization_placed.rpt -pb TopModule_utilization_placed.pb
| Design       : TopModule
| Device       : xczu4egfbvb900-3
| Design State : Fully Placed
---------------------------------------------------------------------------------------------------------------

Utilization Design Information

Table of Contents
-----------------
1. CLB Logic
1.1 Summary of Registers by Type
2. CLB Logic Distribution
3. BLOCKRAM
4. ARITHMETIC
5. I/O
6. CLOCK
7. ADVANCED
8. CONFIGURATION
9. Primitives
10. Black Boxes
11. Instantiated Netlists

1. CLB Logic
------------

+----------------------------+------+-------+-----------+-------+
|          Site Type         | Used | Fixed | Available | Util% |
+----------------------------+------+-------+-----------+-------+
| CLB LUTs                   |  413 |     0 |     87840 |  0.47 |
|   LUT as Logic             |  412 |     0 |     87840 |  0.47 |
|   LUT as Memory            |    1 |     0 |     57600 | <0.01 |
|     LUT as Distributed RAM |    0 |     0 |           |       |
|     LUT as Shift Register  |    1 |     0 |           |       |
| CLB Registers              |  791 |     0 |    175680 |  0.45 |
|   Register as Flip Flop    |  791 |     0 |    175680 |  0.45 |
|   Register as Latch        |    0 |     0 |    175680 |  0.00 |
| CARRY8                     |   50 |     0 |     14640 |  0.34 |
| F7 Muxes                   |    0 |     0 |     58560 |  0.00 |
| F8 Muxes                   |    0 |     0 |     29280 |  0.00 |
| F9 Muxes                   |    0 |     0 |     14640 |  0.00 |
+----------------------------+------+-------+-----------+-------+


1.1 Summary of Registers by Type
--------------------------------

+-------+--------------+-------------+--------------+
| Total | Clock Enable | Synchronous | Asynchronous |
+-------+--------------+-------------+--------------+
| 0     |            _ |           - |            - |
| 0     |            _ |           - |          Set |
| 0     |            _ |           - |        Reset |
| 0     |            _ |         Set |            - |
| 0     |            _ |       Reset |            - |
| 0     |          Yes |           - |            - |
| 0     |          Yes |           - |          Set |
| 0     |          Yes |           - |        Reset |
| 0     |          Yes |         Set |            - |
| 791   |          Yes |       Reset |            - |
+-------+--------------+-------------+--------------+


2. CLB Logic Distribution
-------------------------

+--------------------------------------------+------+-------+-----------+-------+
|                  Site Type                 | Used | Fixed | Available | Util% |
+--------------------------------------------+------+-------+-----------+-------+
| CLB                                        |  123 |     0 |     14640 |  0.84 |
|   CLBL                                     |   46 |     0 |           |       |
|   CLBM                                     |   77 |     0 |           |       |
| LUT as Logic                               |  412 |     0 |     87840 |  0.47 |
|   using O5 output only                     |   14 |       |           |       |
|   using O6 output only                     |  366 |       |           |       |
|   using O5 and O6                          |   32 |       |           |       |
| LUT as Memory                              |    1 |     0 |     57600 | <0.01 |
|   LUT as Distributed RAM                   |    0 |     0 |           |       |
|   LUT as Shift Register                    |    1 |     0 |           |       |
|     using O5 output only                   |    0 |       |           |       |
|     using O6 output only                   |    1 |       |           |       |
|     using O5 and O6                        |    0 |       |           |       |
| CLB Registers                              |  791 |     0 |    175680 |  0.45 |
|   Register driven from within the CLB      |  375 |       |           |       |
|   Register driven from outside the CLB     |  416 |       |           |       |
|     LUT in front of the register is unused |  363 |       |           |       |
|     LUT in front of the register is used   |   53 |       |           |       |
| Unique Control Sets                        |   10 |       |     29280 |  0.03 |
+--------------------------------------------+------+-------+-----------+-------+
* Note: Available Control Sets calculated as CLB Registers / 8, Review the Control Sets Report for more information regarding control sets.


3. BLOCKRAM
-----------

+-------------------+------+-------+-----------+-------+
|     Site Type     | Used | Fixed | Available | Util% |
+-------------------+------+-------+-----------+-------+
| Block RAM Tile    |    1 |     0 |       128 |  0.78 |
|   RAMB36/FIFO*    |    0 |     0 |       128 |  0.00 |
|   RAMB18          |    2 |     0 |       256 |  0.78 |
|     RAMB18E2 only |    2 |       |           |       |
| URAM              |    0 |     0 |        48 |  0.00 |
+-------------------+------+-------+-----------+-------+
* Note: Each Block RAM Tile only has one FIFO logic available and therefore can accommodate only one FIFO36E2 or one FIFO18E2. However, if a FIFO18E2 occupies a Block RAM Tile, that tile can still accommodate a RAMB18E2


4. ARITHMETIC
-------------

+----------------+------+-------+-----------+-------+
|    Site Type   | Used | Fixed | Available | Util% |
+----------------+------+-------+-----------+-------+
| DSPs           |   10 |     0 |       728 |  1.37 |
|   DSP48E2 only |   10 |       |           |       |
+----------------+------+-------+-----------+-------+


5. I/O
------

+------------------+------+-------+-----------+-------+
|     Site Type    | Used | Fixed | Available | Util% |
+------------------+------+-------+-----------+-------+
| Bonded IOB       |  116 |     0 |       204 | 56.86 |
| HPIOB_M          |   56 |     0 |        72 | 77.78 |
|   INPUT          |   56 |       |           |       |
|   OUTPUT         |    0 |       |           |       |
|   BIDIR          |    0 |       |           |       |
| HPIOB_S          |   56 |     0 |        72 | 77.78 |
|   INPUT          |   56 |       |           |       |
|   OUTPUT         |    0 |       |           |       |
|   BIDIR          |    0 |       |           |       |
| HDIOB_M          |    0 |     0 |        24 |  0.00 |
| HDIOB_S          |    0 |     0 |        24 |  0.00 |
| HPIOB_SNGL       |    4 |     0 |        12 | 33.33 |
|   INPUT          |    2 |       |           |       |
|   OUTPUT         |    2 |       |           |       |
|   BIDIR          |    0 |       |           |       |
| HPIOBDIFFINBUF   |    0 |     0 |        96 |  0.00 |
| HPIOBDIFFOUTBUF  |    0 |     0 |        96 |  0.00 |
| HDIOBDIFFINBUF   |    0 |     0 |        48 |  0.00 |
| BITSLICE_CONTROL |    0 |     0 |        32 |  0.00 |
| BITSLICE_RX_TX   |    0 |     0 |       208 |  0.00 |
| BITSLICE_TX      |    0 |     0 |        32 |  0.00 |
| RIU_OR           |    0 |     0 |        16 |  0.00 |
+------------------+------+-------+-----------+-------+


6. CLOCK
--------

+----------------------+------+-------+-----------+-------+
|       Site Type      | Used | Fixed | Available | Util% |
+----------------------+------+-------+-----------+-------+
| GLOBAL CLOCK BUFFERs |    1 |     0 |       352 |  0.28 |
|   BUFGCE             |    1 |     0 |       112 |  0.89 |
|   BUFGCE_DIV         |    0 |     0 |        16 |  0.00 |
|   BUFG_GT            |    0 |     0 |        96 |  0.00 |
|   BUFG_PS            |    0 |     0 |        96 |  0.00 |
|   BUFGCTRL*          |    0 |     0 |        32 |  0.00 |
| PLL                  |    0 |     0 |         8 |  0.00 |
| MMCM                 |    0 |     0 |         4 |  0.00 |
+----------------------+------+-------+-----------+-------+
* Note: Each used BUFGCTRL counts as two global buffer resources. This table does not include global clocking resources, only buffer cell usage. See the Clock Utilization Report (report_clock_utilization) for detailed accounting of global clocking resource availability.


7. ADVANCED
-----------

+-----------------+------+-------+-----------+-------+
|    Site Type    | Used | Fixed | Available | Util% |
+-----------------+------+-------+-----------+-------+
| GTHE4_CHANNEL   |    0 |     0 |        16 |  0.00 |
| GTHE4_COMMON    |    0 |     0 |         4 |  0.00 |
| OBUFDS_GTE4     |    0 |     0 |         8 |  0.00 |
| OBUFDS_GTE4_ADV |    0 |     0 |         8 |  0.00 |
| PCIE40E4        |    0 |     0 |         2 |  0.00 |
| PS8             |    0 |     0 |         1 |  0.00 |
| SYSMONE4        |    0 |     0 |         1 |  0.00 |
+-----------------+------+-------+-----------+-------+


8. CONFIGURATION
----------------

+-------------+------+-------+-----------+-------+
|  Site Type  | Used | Fixed | Available | Util% |
+-------------+------+-------+-----------+-------+
| BSCANE2     |    0 |     0 |         4 |  0.00 |
| DNA_PORTE2  |    0 |     0 |         1 |  0.00 |
| EFUSE_USR   |    0 |     0 |         1 |  0.00 |
| FRAME_ECCE4 |    0 |     0 |         1 |  0.00 |
| ICAPE3      |    0 |     0 |         2 |  0.00 |
| MASTER_JTAG |    0 |     0 |         1 |  0.00 |
| STARTUPE3   |    0 |     0 |         1 |  0.00 |
+-------------+------+-------+-----------+-------+


9. Primitives
-------------

+----------+------+---------------------+
| Ref Name | Used | Functional Category |
+----------+------+---------------------+
| FDRE     |  791 |            Register |
| LUT2     |  280 |                 CLB |
| INBUF    |  114 |                 I/O |
| IBUFCTRL |  114 |              Others |
| CARRY8   |   50 |                 CLB |
| LUT3     |   45 |                 CLB |
| LUT4     |   43 |                 CLB |
| LUT6     |   38 |                 CLB |
| LUT5     |   34 |                 CLB |
| DSP48E2  |   10 |          Arithmetic |
| LUT1     |    4 |                 CLB |
| RAMB18E2 |    2 |           Block Ram |
| OBUF     |    2 |                 I/O |
| SRL16E   |    1 |                 CLB |
| BUFGCE   |    1 |               Clock |
+----------+------+---------------------+


10. Black Boxes
---------------

+----------+------+
| Ref Name | Used |
+----------+------+


11. Instantiated Netlists
-------------------------

+----------+------+
| Ref Name | Used |
+----------+------+


